
[2011/12/06 20:39:39] INITMACHINES: Beginning creation of machines via command: datastore1 tom
[2011/12/06 20:39:39] INITMACHINES: Started creation of stvm_tom_attack on datastore1
[2011/12/06 20:45:15] INITMACHINES: Creation of stvm_tom_attack on datastore1 complete.
[2011/12/06 20:45:15] INITMACHINES: Started creation of stvm_tom_client on datastore1
[2011/12/06 20:48:08] INITMACHINES: Creation of stvm_tom_client on datastore1 complete.
[2011/12/06 20:48:08] INITMACHINES: All machines created.
[2011/12/06 20:50:01] PROVISIONANDBOOT: Booting stvm_tom_attack...
[2011/12/06 20:50:04] PROVISIONANDBOOT: Booting stvm_tom_client...
[2011/12/06 20:54:50] POWEROFFVM: Powering off stvm_tom_attack...
[2011/12/06 20:54:53] POWEROFFVM: Powering off stvm_tom_client...
[2011/12/06 20:55:41] PROVISIONANDBOOT: Booting stvm_tom_client...
[2011/12/06 20:55:46] PROVISIONANDBOOT: Booting stvm_tom_attack...
[2011/12/06 21:43:47] INITMACHINES: Beginning creation of machines via command: datastore1 jerry
[2011/12/06 21:43:47] INITMACHINES: Started creation of stvm_jerry_attack on datastore1
[2011/12/06 21:44:38] POWEROFFVM: Powering off stvm_tom_attack...
[2011/12/06 21:44:41] POWEROFFVM: Powering off stvm_tom_client...
[2011/12/06 21:49:04] INITMACHINES: Creation of stvm_jerry_attack on datastore1 complete.
[2011/12/06 21:49:04] INITMACHINES: Started creation of stvm_jerry_client on datastore1
[2011/12/06 21:52:02] INITMACHINES: Creation of stvm_jerry_client on datastore1 complete.
[2011/12/06 21:52:02] INITMACHINES: All machines created.
[2011/12/06 21:55:03] PROVISIONANDBOOT: Booting stvm_jerry_attack...
[2011/12/06 21:55:05] PROVISIONANDBOOT: Booting stvm_jerry_client...
[2011/12/06 21:57:53] PROVISIONANDBOOT: Booting stvm_tom_client...
[2011/12/06 21:57:56] PROVISIONANDBOOT: Booting stvm_tom_attack...
[2011/12/06 21:59:46] POWEROFFVM: Powering off stvm_jerry_attack...
[2011/12/06 21:59:49] POWEROFFVM: Powering off stvm_jerry_client...
[2011/12/07 00:05:11] POWEROFFVM: Powering off stvm_tom_attack...
[2011/12/07 00:05:14] POWEROFFVM: Powering off stvm_tom_client...
[2011/12/16 02:35:50] PROVISIONANDBOOT: Booting stvm_ajlobono_client...
[2011/12/16 02:35:54] PROVISIONANDBOOT: Booting stvm_ajlobono_attack...
[2011/12/16 02:47:48] POWEROFFVM: Powering off stvm_ajlobono_attack...
[2011/12/16 02:47:51] POWEROFFVM: Powering off stvm_ajlobono_client...
